2013-03-08 17:46:08+0800 [scrapy] INFO: Scrapy 0.17.0 started (bot: Baiduspider)
2013-03-08 17:46:08+0800 [scrapy] DEBUG: Enabled extensions: FeedExporter, LogStats, TelnetConsole, CloseSpider, WebService, CoreStats, SpiderState
2013-03-08 17:46:08+0800 [scrapy] DEBUG: Enabled downloader middlewares: HttpAuthMiddleware, DownloadTimeoutMiddleware, UserAgentMiddleware, RetryMiddleware, DefaultHeadersMiddleware, MetaRefreshMiddleware, HttpCompressionMiddleware, RedirectMiddleware, CookiesMiddleware, ChunkedTransferMiddleware, DownloaderStats
2013-03-08 17:46:08+0800 [scrapy] DEBUG: Enabled spider middlewares: HttpErrorMiddleware, OffsiteMiddleware, RefererMiddleware, UrlLengthMiddleware, DepthMiddleware
2013-03-08 17:46:08+0800 [scrapy] DEBUG: Enabled item pipelines: NewsspiderPipeline
2013-03-08 17:46:08+0800 [mindhacks] INFO: Spider opened
2013-03-08 17:46:08+0800 [mindhacks] INFO: Crawled 0 pages (at 0 pages/min), scraped 0 items (at 0 items/min)
2013-03-08 17:46:08+0800 [scrapy] DEBUG: Telnet console listening on 0.0.0.0:6023
2013-03-08 17:46:08+0800 [scrapy] DEBUG: Web service listening on 0.0.0.0:6080
2013-03-08 17:46:08+0800 [mindhacks] DEBUG: Redirecting (301) to <GET http://mindhacks.cn/> from <GET http://www.mindhacks.cn/>
2013-03-08 17:46:08+0800 [mindhacks] DEBUG: Crawled (200) <GET http://mindhacks.cn/> (referer: None)
2013-03-08 17:46:09+0800 [mindhacks] DEBUG: Crawled (200) <GET http://mindhacks.cn/2011/11/04/how-to-interview-a-person-for-two-years/> (referer: http://mindhacks.cn/)
2013-03-08 17:46:09+0800 [mindhacks] DEBUG: Scraped from <200 http://mindhacks.cn/2011/11/04/how-to-interview-a-person-for-two-years/>
	{'created': u'2011-11-04T01:18:00+00:00',
	 'site': 'mindhacks',
	 'title': u'\u600e\u6837\u82b1\u4e24\u5e74\u65f6\u95f4\u53bb\u9762\u8bd5\u4e00\u4e2a\u4eba',
	 'url': u'http://mindhacks.cn/2011/11/04/how-to-interview-a-person-for-two-years/'}
2013-03-08 17:46:09+0800 [mindhacks] DEBUG: Crawled (200) <GET http://mindhacks.cn/2012/06/04/escape-from-your-shawshank-part5-the-invisible-cage/> (referer: http://mindhacks.cn/)
2013-03-08 17:46:09+0800 [mindhacks] DEBUG: Scraped from <200 http://mindhacks.cn/2012/06/04/escape-from-your-shawshank-part5-the-invisible-cage/>
	{'created': u'2012-06-04T23:10:49+00:00',
	 'site': 'mindhacks',
	 'title': u'\u9003\u51fa\u4f60\u7684\u8096\u7533\u514b\uff08\u4e94\uff09\uff1a\u770b\u4e0d\u89c1\u7684\u7262\u7b3c\uff08\u4e0a\uff09',
	 'url': u'http://mindhacks.cn/2012/06/04/escape-from-your-shawshank-part5-the-invisible-cage/'}
2013-03-08 17:46:09+0800 [mindhacks] DEBUG: Crawled (200) <GET http://mindhacks.cn/2012/08/27/modern-cpp-practices/> (referer: http://mindhacks.cn/)
2013-03-08 17:46:10+0800 [mindhacks] DEBUG: Scraped from <200 http://mindhacks.cn/2012/08/27/modern-cpp-practices/>
	{'created': u'2012-08-27T14:09:47+00:00',
	 'site': 'mindhacks',
	 'title': u'C++11\uff08\u53ca\u73b0\u4ee3C++\u98ce\u683c\uff09\u548c\u5feb\u901f\u8fed\u4ee3\u5f0f\u5f00\u53d1',
	 'url': u'http://mindhacks.cn/2012/08/27/modern-cpp-practices/'}
2013-03-08 17:46:10+0800 [mindhacks] DEBUG: Crawled (200) <GET http://mindhacks.cn/2009/07/06/why-you-should-do-it-yourself/> (referer: http://mindhacks.cn/)
2013-03-08 17:46:10+0800 [mindhacks] DEBUG: Scraped from <200 http://mindhacks.cn/2009/07/06/why-you-should-do-it-yourself/>
	{'created': u'2009-07-06T21:48:07+00:00',
	 'site': 'mindhacks',
	 'title': u'[BetterExplained]\u9047\u5230\u95ee\u9898\u4e3a\u4ec0\u4e48\u5e94\u8be5\u81ea\u5df1\u52a8\u624b',
	 'url': u'http://mindhacks.cn/2009/07/06/why-you-should-do-it-yourself/'}
2013-03-08 17:46:10+0800 [mindhacks] DEBUG: Crawled (200) <GET http://mindhacks.cn/2009/10/05/im-a-tiny-bird-book-review/> (referer: http://mindhacks.cn/)
2013-03-08 17:46:10+0800 [mindhacks] DEBUG: Scraped from <200 http://mindhacks.cn/2009/10/05/im-a-tiny-bird-book-review/>
	{'created': u'2009-10-05T01:18:30+00:00',
	 'site': 'mindhacks',
	 'title': u'\u4e0d\u662f\u4e66\u8bc4 \uff1a\u300a\u6211\u662f\u4e00\u53eaIT\u5c0f\u5c0f\u9e1f\u300b',
	 'url': u'http://mindhacks.cn/2009/10/05/im-a-tiny-bird-book-review/'}
2013-03-08 17:46:10+0800 [mindhacks] DEBUG: Crawled (200) <GET http://mindhacks.cn/2009/12/20/dark-time/> (referer: http://mindhacks.cn/)
2013-03-08 17:46:11+0800 [mindhacks] DEBUG: Scraped from <200 http://mindhacks.cn/2009/12/20/dark-time/>
	{'created': u'2009-12-20T13:39:00+00:00',
	 'site': 'mindhacks',
	 'title': u'\u6697\u65f6\u95f4',
	 'url': u'http://mindhacks.cn/2009/12/20/dark-time/'}
2013-03-08 17:46:11+0800 [mindhacks] DEBUG: Crawled (200) <GET http://mindhacks.cn/2010/03/18/escape-from-your-shawshank-part3/> (referer: http://mindhacks.cn/)
2013-03-08 17:46:11+0800 [mindhacks] DEBUG: Scraped from <200 http://mindhacks.cn/2010/03/18/escape-from-your-shawshank-part3/>
	{'created': u'2010-03-18T00:28:14+00:00',
	 'site': 'mindhacks',
	 'title': u'\u9003\u51fa\u4f60\u7684\u8096\u7533\u514b\uff08\u4e09\uff09\uff1a\u9047\u89c120\u4e07\u5e74\u524d\u7684\u81ea\u5df1',
	 'url': u'http://mindhacks.cn/2010/03/18/escape-from-your-shawshank-part3/'}
2013-03-08 17:46:11+0800 [mindhacks] DEBUG: Crawled (200) <GET http://mindhacks.cn/2010/11/14/the-importance-of-knowing-why-part2/> (referer: http://mindhacks.cn/)
2013-03-08 17:46:11+0800 [mindhacks] DEBUG: Scraped from <200 http://mindhacks.cn/2010/11/14/the-importance-of-knowing-why-part2/>
	{'created': u'2010-11-14T17:41:00+00:00',
	 'site': 'mindhacks',
	 'title': u'\u77e5\u5176\u6240\u4ee5\u7136\uff08\u7eed\uff09',
	 'url': u'http://mindhacks.cn/2010/11/14/the-importance-of-knowing-why-part2/'}
2013-03-08 17:46:12+0800 [mindhacks] DEBUG: Crawled (200) <GET http://mindhacks.cn/2011/01/23/escape-from-your-shawshank-4/> (referer: http://mindhacks.cn/)
2013-03-08 17:46:12+0800 [mindhacks] DEBUG: Scraped from <200 http://mindhacks.cn/2011/01/23/escape-from-your-shawshank-4/>
	{'created': u'2011-01-23T20:28:34+00:00',
	 'site': 'mindhacks',
	 'title': u'\u9003\u51fa\u4f60\u7684\u8096\u7533\u514b\uff08\u56db\uff09\uff1a\u7406\u667a\u4e0e\u60c5\u611f',
	 'url': u'http://mindhacks.cn/2011/01/23/escape-from-your-shawshank-4/'}
2013-03-08 17:46:12+0800 [mindhacks] DEBUG: Crawled (200) <GET http://mindhacks.cn/2011/07/10/the-importance-of-knowing-why-part3/> (referer: http://mindhacks.cn/)
2013-03-08 17:46:12+0800 [mindhacks] DEBUG: Scraped from <200 http://mindhacks.cn/2011/07/10/the-importance-of-knowing-why-part3/>
	{'created': u'2011-07-10T00:24:32+00:00',
	 'site': 'mindhacks',
	 'title': u'\u77e5\u5176\u6240\u4ee5\u7136\uff08\u4e09\uff09\uff1a\u4e3a\u4ec0\u4e48\u7b97\u6cd5\u8fd9\u4e48\u96be\uff1f',
	 'url': u'http://mindhacks.cn/2011/07/10/the-importance-of-knowing-why-part3/'}
2013-03-08 17:46:12+0800 [mindhacks] DEBUG: Crawled (200) <GET http://mindhacks.cn/2011/11/04/how-to-interview-a-person-for-two-years/> (referer: http://mindhacks.cn/)
2013-03-08 17:46:12+0800 [mindhacks] DEBUG: Scraped from <200 http://mindhacks.cn/2011/11/04/how-to-interview-a-person-for-two-years/>
	{'created': u'2011-11-04T01:18:00+00:00',
	 'site': 'mindhacks',
	 'title': u'\u600e\u6837\u82b1\u4e24\u5e74\u65f6\u95f4\u53bb\u9762\u8bd5\u4e00\u4e2a\u4eba',
	 'url': u'http://mindhacks.cn/2011/11/04/how-to-interview-a-person-for-two-years/'}
2013-03-08 17:46:12+0800 [mindhacks] DEBUG: Crawled (200) <GET http://mindhacks.cn/2012/06/04/escape-from-your-shawshank-part5-the-invisible-cage/> (referer: http://mindhacks.cn/)
2013-03-08 17:46:12+0800 [mindhacks] DEBUG: Scraped from <200 http://mindhacks.cn/2012/06/04/escape-from-your-shawshank-part5-the-invisible-cage/>
	{'created': u'2012-06-04T23:10:49+00:00',
	 'site': 'mindhacks',
	 'title': u'\u9003\u51fa\u4f60\u7684\u8096\u7533\u514b\uff08\u4e94\uff09\uff1a\u770b\u4e0d\u89c1\u7684\u7262\u7b3c\uff08\u4e0a\uff09',
	 'url': u'http://mindhacks.cn/2012/06/04/escape-from-your-shawshank-part5-the-invisible-cage/'}
2013-03-08 17:46:13+0800 [mindhacks] DEBUG: Crawled (200) <GET http://mindhacks.cn/2012/08/27/modern-cpp-practices/> (referer: http://mindhacks.cn/)
2013-03-08 17:46:13+0800 [mindhacks] DEBUG: Scraped from <200 http://mindhacks.cn/2012/08/27/modern-cpp-practices/>
	{'created': u'2012-08-27T14:09:47+00:00',
	 'site': 'mindhacks',
	 'title': u'C++11\uff08\u53ca\u73b0\u4ee3C++\u98ce\u683c\uff09\u548c\u5feb\u901f\u8fed\u4ee3\u5f0f\u5f00\u53d1',
	 'url': u'http://mindhacks.cn/2012/08/27/modern-cpp-practices/'}
2013-03-08 17:46:13+0800 [mindhacks] DEBUG: Crawled (200) <GET http://mindhacks.cn/page/2/> (referer: http://mindhacks.cn/)
2013-03-08 17:46:14+0800 [mindhacks] DEBUG: Crawled (200) <GET http://mindhacks.cn/2009/02/15/why-you-should-start-blogging-now/> (referer: http://mindhacks.cn/)
2013-03-08 17:46:14+0800 [mindhacks] DEBUG: Scraped from <200 http://mindhacks.cn/2009/02/15/why-you-should-start-blogging-now/>
	{'created': u'2009-02-15T19:57:26+00:00',
	 'site': 'mindhacks',
	 'title': u'[BetterExplained]\u4e3a\u4ec0\u4e48\u4f60\u5e94\u8be5\uff08\u4ece\u73b0\u5728\u5f00\u59cb\u5c31\uff09\u5199\u535a\u5ba2',
	 'url': u'http://mindhacks.cn/2009/02/15/why-you-should-start-blogging-now/'}
2013-03-08 17:46:14+0800 [mindhacks] DEBUG: Crawled (200) <GET http://mindhacks.cn/2009/03/09/first-principles-of-programming/> (referer: http://mindhacks.cn/)
2013-03-08 17:46:14+0800 [mindhacks] DEBUG: Scraped from <200 http://mindhacks.cn/2009/03/09/first-principles-of-programming/>
	{'created': u'2009-03-09T15:12:00+00:00',
	 'site': 'mindhacks',
	 'title': u'\u7f16\u7a0b\u7684\u9996\u8981\u539f\u5219(s)\u662f\u4ec0\u4e48\uff1f',
	 'url': u'http://mindhacks.cn/2009/03/09/first-principles-of-programming/'}
2013-03-08 17:46:14+0800 [mindhacks] DEBUG: Crawled (200) <GET http://mindhacks.cn/2009/03/15/preconception-explained/> (referer: http://mindhacks.cn/)
2013-03-08 17:46:14+0800 [mindhacks] DEBUG: Scraped from <200 http://mindhacks.cn/2009/03/15/preconception-explained/>
	{'created': u'2009-03-15T18:49:27+00:00',
	 'site': 'mindhacks',
	 'title': u'\u9003\u51fa\u4f60\u7684\u8096\u7533\u514b\uff08\u4e8c\uff09\uff1a\u4ec1\u8005\u89c1\u4ec1\u667a\u8005\u89c1\u667a\uff1f\u4ece\u89c6\u89c9\u9519\u89c9\u5230\u504f\u89c1',
	 'url': u'http://mindhacks.cn/2009/03/15/preconception-explained/'}
2013-03-08 17:46:14+0800 [mindhacks] DEBUG: Crawled (200) <GET http://mindhacks.cn/2009/03/28/effective-learning-and-memorization/> (referer: http://mindhacks.cn/)
2013-03-08 17:46:14+0800 [mindhacks] DEBUG: Scraped from <200 http://mindhacks.cn/2009/03/28/effective-learning-and-memorization/>
	{'created': u'2009-03-28T19:23:02+00:00',
	 'site': 'mindhacks',
	 'title': u'[BetterExplained]\u5982\u4f55\u6709\u6548\u5730\u8bb0\u5fc6\u4e0e\u5b66\u4e60',
	 'url': u'http://mindhacks.cn/2009/03/28/effective-learning-and-memorization/'}
2013-03-08 17:46:15+0800 [mindhacks] DEBUG: Crawled (200) <GET http://mindhacks.cn/2009/05/17/seven-years-in-nju/> (referer: http://mindhacks.cn/)
2013-03-08 17:46:15+0800 [mindhacks] DEBUG: Scraped from <200 http://mindhacks.cn/2009/05/17/seven-years-in-nju/>
	{'created': u'2009-05-17T23:57:30+00:00',
	 'site': 'mindhacks',
	 'title': u'\u6211\u5728\u5357\u5927\u7684\u4e03\u5e74',
	 'url': u'http://mindhacks.cn/2009/05/17/seven-years-in-nju/'}
2013-03-08 17:46:15+0800 [mindhacks] DEBUG: Crawled (200) <GET http://mindhacks.cn/2009/07/06/why-you-should-do-it-yourself/> (referer: http://mindhacks.cn/)
2013-03-08 17:46:15+0800 [mindhacks] DEBUG: Scraped from <200 http://mindhacks.cn/2009/07/06/why-you-should-do-it-yourself/>
	{'created': u'2009-07-06T21:48:07+00:00',
	 'site': 'mindhacks',
	 'title': u'[BetterExplained]\u9047\u5230\u95ee\u9898\u4e3a\u4ec0\u4e48\u5e94\u8be5\u81ea\u5df1\u52a8\u624b',
	 'url': u'http://mindhacks.cn/2009/07/06/why-you-should-do-it-yourself/'}
2013-03-08 17:46:15+0800 [mindhacks] DEBUG: Crawled (200) <GET http://mindhacks.cn/2009/10/05/im-a-tiny-bird-book-review/> (referer: http://mindhacks.cn/)
2013-03-08 17:46:15+0800 [mindhacks] DEBUG: Scraped from <200 http://mindhacks.cn/2009/10/05/im-a-tiny-bird-book-review/>
	{'created': u'2009-10-05T01:18:30+00:00',
	 'site': 'mindhacks',
	 'title': u'\u4e0d\u662f\u4e66\u8bc4 \uff1a\u300a\u6211\u662f\u4e00\u53eaIT\u5c0f\u5c0f\u9e1f\u300b',
	 'url': u'http://mindhacks.cn/2009/10/05/im-a-tiny-bird-book-review/'}
2013-03-08 17:46:16+0800 [mindhacks] DEBUG: Crawled (200) <GET http://mindhacks.cn/2009/12/20/dark-time/> (referer: http://mindhacks.cn/)
2013-03-08 17:46:16+0800 [mindhacks] DEBUG: Scraped from <200 http://mindhacks.cn/2009/12/20/dark-time/>
	{'created': u'2009-12-20T13:39:00+00:00',
	 'site': 'mindhacks',
	 'title': u'\u6697\u65f6\u95f4',
	 'url': u'http://mindhacks.cn/2009/12/20/dark-time/'}
2013-03-08 17:46:16+0800 [mindhacks] DEBUG: Crawled (200) <GET http://mindhacks.cn/2010/03/18/escape-from-your-shawshank-part3/> (referer: http://mindhacks.cn/)
2013-03-08 17:46:16+0800 [mindhacks] DEBUG: Scraped from <200 http://mindhacks.cn/2010/03/18/escape-from-your-shawshank-part3/>
	{'created': u'2010-03-18T00:28:14+00:00',
	 'site': 'mindhacks',
	 'title': u'\u9003\u51fa\u4f60\u7684\u8096\u7533\u514b\uff08\u4e09\uff09\uff1a\u9047\u89c120\u4e07\u5e74\u524d\u7684\u81ea\u5df1',
	 'url': u'http://mindhacks.cn/2010/03/18/escape-from-your-shawshank-part3/'}
2013-03-08 17:46:16+0800 [mindhacks] DEBUG: Crawled (200) <GET http://mindhacks.cn/2010/11/14/the-importance-of-knowing-why-part2/> (referer: http://mindhacks.cn/)
2013-03-08 17:46:16+0800 [mindhacks] DEBUG: Scraped from <200 http://mindhacks.cn/2010/11/14/the-importance-of-knowing-why-part2/>
	{'created': u'2010-11-14T17:41:00+00:00',
	 'site': 'mindhacks',
	 'title': u'\u77e5\u5176\u6240\u4ee5\u7136\uff08\u7eed\uff09',
	 'url': u'http://mindhacks.cn/2010/11/14/the-importance-of-knowing-why-part2/'}
2013-03-08 17:46:17+0800 [mindhacks] DEBUG: Crawled (200) <GET http://mindhacks.cn/2011/01/23/escape-from-your-shawshank-4/> (referer: http://mindhacks.cn/)
2013-03-08 17:46:17+0800 [mindhacks] DEBUG: Scraped from <200 http://mindhacks.cn/2011/01/23/escape-from-your-shawshank-4/>
	{'created': u'2011-01-23T20:28:34+00:00',
	 'site': 'mindhacks',
	 'title': u'\u9003\u51fa\u4f60\u7684\u8096\u7533\u514b\uff08\u56db\uff09\uff1a\u7406\u667a\u4e0e\u60c5\u611f',
	 'url': u'http://mindhacks.cn/2011/01/23/escape-from-your-shawshank-4/'}
2013-03-08 17:46:17+0800 [mindhacks] DEBUG: Crawled (200) <GET http://mindhacks.cn/2011/07/10/the-importance-of-knowing-why-part3/> (referer: http://mindhacks.cn/)
2013-03-08 17:46:17+0800 [mindhacks] DEBUG: Crawled (200) <GET http://mindhacks.cn/page/3/> (referer: http://mindhacks.cn/page/2/)
2013-03-08 17:46:17+0800 [mindhacks] DEBUG: Scraped from <200 http://mindhacks.cn/2011/07/10/the-importance-of-knowing-why-part3/>
	{'created': u'2011-07-10T00:24:32+00:00',
	 'site': 'mindhacks',
	 'title': u'\u77e5\u5176\u6240\u4ee5\u7136\uff08\u4e09\uff09\uff1a\u4e3a\u4ec0\u4e48\u7b97\u6cd5\u8fd9\u4e48\u96be\uff1f',
	 'url': u'http://mindhacks.cn/2011/07/10/the-importance-of-knowing-why-part3/'}
2013-03-08 17:46:17+0800 [mindhacks] DEBUG: Crawled (200) <GET http://mindhacks.cn/2009/01/16/hammers-and-nails/> (referer: http://mindhacks.cn/page/2/)
2013-03-08 17:46:17+0800 [mindhacks] DEBUG: Scraped from <200 http://mindhacks.cn/2009/01/16/hammers-and-nails/>
	{'created': u'2009-01-16T21:25:00+00:00',
	 'site': 'mindhacks',
	 'title': u'\u9524\u5b50\u548c\u9489\u5b50',
	 'url': u'http://mindhacks.cn/2009/01/16/hammers-and-nails/'}
2013-03-08 17:46:18+0800 [mindhacks] DEBUG: Crawled (200) <GET http://mindhacks.cn/2009/01/18/escape-from-your-shawshank-part1/> (referer: http://mindhacks.cn/page/2/)
2013-03-08 17:46:18+0800 [mindhacks] DEBUG: Scraped from <200 http://mindhacks.cn/2009/01/18/escape-from-your-shawshank-part1/>
	{'created': u'2009-01-18T21:32:00+00:00',
	 'site': 'mindhacks',
	 'title': u'\u9003\u51fa\u4f60\u7684\u8096\u7533\u514b\uff08\u4e00\uff09\uff1a\u4e3a\u4ec0\u4e48\u4e00\u5b9a\u8981\u4eb2\u8eab\u7ecf\u5386\u4e86\u4e4b\u540e\u624d\u80fd\u660e\u767d\uff1f',
	 'url': u'http://mindhacks.cn/2009/01/18/escape-from-your-shawshank-part1/'}
2013-03-08 17:46:18+0800 [mindhacks] DEBUG: Crawled (200) <GET http://mindhacks.cn/2009/02/07/independence-day/> (referer: http://mindhacks.cn/page/2/)
2013-03-08 17:46:18+0800 [mindhacks] DEBUG: Scraped from <200 http://mindhacks.cn/2009/02/07/independence-day/>
	{'created': u'2009-02-07T12:57:34+00:00',
	 'site': 'mindhacks',
	 'title': u'\u72ec\u7acb\u65e5',
	 'url': u'http://mindhacks.cn/2009/02/07/independence-day/'}
2013-03-08 17:46:18+0800 [mindhacks] DEBUG: Crawled (200) <GET http://mindhacks.cn/2009/02/07/better-explained-conflicts-in-intimate-relationship/> (referer: http://mindhacks.cn/page/2/)
2013-03-08 17:46:18+0800 [mindhacks] DEBUG: Scraped from <200 http://mindhacks.cn/2009/02/07/better-explained-conflicts-in-intimate-relationship/>
	{'created': u'2009-02-07T20:35:17+00:00',
	 'site': 'mindhacks',
	 'title': u'[BetterExplained]\u4eb2\u5bc6\u5173\u7cfb\u4e2d\u7684\u51b2\u7a81\u89e3\u51b3',
	 'url': u'http://mindhacks.cn/2009/02/07/better-explained-conflicts-in-intimate-relationship/'}
2013-03-08 17:46:19+0800 [mindhacks] DEBUG: Crawled (200) <GET http://mindhacks.cn/2009/02/09/writing-is-better-thinking/> (referer: http://mindhacks.cn/page/2/)
2013-03-08 17:46:19+0800 [mindhacks] DEBUG: Scraped from <200 http://mindhacks.cn/2009/02/09/writing-is-better-thinking/>
	{'created': u'2009-02-09T22:24:00+00:00',
	 'site': 'mindhacks',
	 'title': u'[BetterExplained]\u4e66\u5199\u662f\u4e3a\u4e86\u66f4\u597d\u7684\u601d\u8003',
	 'url': u'http://mindhacks.cn/2009/02/09/writing-is-better-thinking/'}
2013-03-08 17:46:19+0800 [mindhacks] DEBUG: Crawled (200) <GET http://mindhacks.cn/2009/02/15/why-you-should-start-blogging-now/> (referer: http://mindhacks.cn/page/2/)
2013-03-08 17:46:19+0800 [mindhacks] DEBUG: Scraped from <200 http://mindhacks.cn/2009/02/15/why-you-should-start-blogging-now/>
	{'created': u'2009-02-15T19:57:26+00:00',
	 'site': 'mindhacks',
	 'title': u'[BetterExplained]\u4e3a\u4ec0\u4e48\u4f60\u5e94\u8be5\uff08\u4ece\u73b0\u5728\u5f00\u59cb\u5c31\uff09\u5199\u535a\u5ba2',
	 'url': u'http://mindhacks.cn/2009/02/15/why-you-should-start-blogging-now/'}
2013-03-08 17:46:19+0800 [mindhacks] DEBUG: Crawled (200) <GET http://mindhacks.cn/2009/03/09/first-principles-of-programming/> (referer: http://mindhacks.cn/page/2/)
2013-03-08 17:46:19+0800 [mindhacks] DEBUG: Scraped from <200 http://mindhacks.cn/2009/03/09/first-principles-of-programming/>
	{'created': u'2009-03-09T15:12:00+00:00',
	 'site': 'mindhacks',
	 'title': u'\u7f16\u7a0b\u7684\u9996\u8981\u539f\u5219(s)\u662f\u4ec0\u4e48\uff1f',
	 'url': u'http://mindhacks.cn/2009/03/09/first-principles-of-programming/'}
2013-03-08 17:46:20+0800 [mindhacks] DEBUG: Crawled (200) <GET http://mindhacks.cn/2009/03/15/preconception-explained/> (referer: http://mindhacks.cn/page/2/)
2013-03-08 17:46:20+0800 [mindhacks] DEBUG: Scraped from <200 http://mindhacks.cn/2009/03/15/preconception-explained/>
	{'created': u'2009-03-15T18:49:27+00:00',
	 'site': 'mindhacks',
	 'title': u'\u9003\u51fa\u4f60\u7684\u8096\u7533\u514b\uff08\u4e8c\uff09\uff1a\u4ec1\u8005\u89c1\u4ec1\u667a\u8005\u89c1\u667a\uff1f\u4ece\u89c6\u89c9\u9519\u89c9\u5230\u504f\u89c1',
	 'url': u'http://mindhacks.cn/2009/03/15/preconception-explained/'}
2013-03-08 17:46:20+0800 [mindhacks] DEBUG: Crawled (200) <GET http://mindhacks.cn/2009/03/28/effective-learning-and-memorization/> (referer: http://mindhacks.cn/page/2/)
2013-03-08 17:46:20+0800 [mindhacks] DEBUG: Scraped from <200 http://mindhacks.cn/2009/03/28/effective-learning-and-memorization/>
	{'created': u'2009-03-28T19:23:02+00:00',
	 'site': 'mindhacks',
	 'title': u'[BetterExplained]\u5982\u4f55\u6709\u6548\u5730\u8bb0\u5fc6\u4e0e\u5b66\u4e60',
	 'url': u'http://mindhacks.cn/2009/03/28/effective-learning-and-memorization/'}
2013-03-08 17:46:20+0800 [mindhacks] DEBUG: Crawled (200) <GET http://mindhacks.cn/2009/05/17/seven-years-in-nju/> (referer: http://mindhacks.cn/page/2/)
2013-03-08 17:46:20+0800 [mindhacks] DEBUG: Scraped from <200 http://mindhacks.cn/2009/05/17/seven-years-in-nju/>
	{'created': u'2009-05-17T23:57:30+00:00',
	 'site': 'mindhacks',
	 'title': u'\u6211\u5728\u5357\u5927\u7684\u4e03\u5e74',
	 'url': u'http://mindhacks.cn/2009/05/17/seven-years-in-nju/'}
2013-03-08 17:46:20+0800 [mindhacks] DEBUG: Crawled (200) <GET http://mindhacks.cn/page/4/> (referer: http://mindhacks.cn/page/3/)
2013-03-08 17:46:21+0800 [mindhacks] DEBUG: Crawled (200) <GET http://mindhacks.cn/2008/07/07/the-importance-of-knowing-why/> (referer: http://mindhacks.cn/page/3/)
2013-03-08 17:46:21+0800 [mindhacks] DEBUG: Scraped from <200 http://mindhacks.cn/2008/07/07/the-importance-of-knowing-why/>
	{'created': u'2008-07-07T21:05:00+00:00',
	 'site': 'mindhacks',
	 'title': u'\u77e5\u5176\u6240\u4ee5\u7136\uff08\u4ee5\u7b97\u6cd5\u5b66\u4e60\u4e3a\u4f8b\uff09',
	 'url': u'http://mindhacks.cn/2008/07/07/the-importance-of-knowing-why/'}
2013-03-08 17:46:21+0800 [mindhacks] DEBUG: Crawled (200) <GET http://mindhacks.cn/2008/07/08/learning-habits-part1/> (referer: http://mindhacks.cn/page/3/)
2013-03-08 17:46:21+0800 [mindhacks] DEBUG: Scraped from <200 http://mindhacks.cn/2008/07/08/learning-habits-part1/>
	{'created': u'2008-07-08T21:13:00+00:00',
	 'site': 'mindhacks',
	 'title': u'\u4e00\u76f4\u4ee5\u6765\u4f34\u968f\u6211\u7684\u4e00\u4e9b\u5b66\u4e60\u4e60\u60ef(\u4e00)\uff1a\u5b66\u4e60\u4e0e\u601d\u8003',
	 'url': u'http://mindhacks.cn/2008/07/08/learning-habits-part1/'}
2013-03-08 17:46:21+0800 [mindhacks] DEBUG: Crawled (200) <GET http://mindhacks.cn/2008/07/20/learning-habits-part2/> (referer: http://mindhacks.cn/page/3/)
2013-03-08 17:46:21+0800 [mindhacks] DEBUG: Scraped from <200 http://mindhacks.cn/2008/07/20/learning-habits-part2/>
	{'created': u'2008-07-20T21:16:00+00:00',
	 'site': 'mindhacks',
	 'title': u'\u4e00\u76f4\u4ee5\u6765\u4f34\u968f\u6211\u7684\u4e00\u4e9b\u5b66\u4e60\u4e60\u60ef(\u4e8c)\uff1a\u65f6\u95f4\u7ba1\u7406',
	 'url': u'http://mindhacks.cn/2008/07/20/learning-habits-part2/'}
2013-03-08 17:46:21+0800 [mindhacks] DEBUG: Crawled (200) <GET http://mindhacks.cn/2008/09/11/machine-learning-and-ai-resources/> (referer: http://mindhacks.cn/page/3/)
2013-03-08 17:46:22+0800 [mindhacks] DEBUG: Scraped from <200 http://mindhacks.cn/2008/09/11/machine-learning-and-ai-resources/>
	{'created': u'2008-09-11T19:29:00+00:00',
	 'site': 'mindhacks',
	 'title': u'\u673a\u5668\u5b66\u4e60\u4e0e\u4eba\u5de5\u667a\u80fd\u5b66\u4e60\u8d44\u6e90\u5bfc\u5f15',
	 'url': u'http://mindhacks.cn/2008/09/11/machine-learning-and-ai-resources/'}
2013-03-08 17:46:22+0800 [mindhacks] DEBUG: Crawled (200) <GET http://mindhacks.cn/2008/09/17/learning-habits-part3/> (referer: http://mindhacks.cn/page/3/)
2013-03-08 17:46:22+0800 [mindhacks] DEBUG: Scraped from <200 http://mindhacks.cn/2008/09/17/learning-habits-part3/>
	{'created': u'2008-09-17T21:18:00+00:00',
	 'site': 'mindhacks',
	 'title': u'\u4e00\u76f4\u4ee5\u6765\u4f34\u968f\u6211\u7684\u4e00\u4e9b\u5b66\u4e60\u4e60\u60ef(\u4e09)\uff1a\u9605\u8bfb\u65b9\u6cd5',
	 'url': u'http://mindhacks.cn/2008/09/17/learning-habits-part3/'}
2013-03-08 17:46:22+0800 [mindhacks] DEBUG: Crawled (200) <GET http://mindhacks.cn/2008/09/21/the-magical-bayesian-method/> (referer: http://mindhacks.cn/page/3/)
2013-03-08 17:46:22+0800 [mindhacks] DEBUG: Scraped from <200 http://mindhacks.cn/2008/09/21/the-magical-bayesian-method/>
	{'created': u'2008-09-21T19:34:00+00:00',
	 'site': 'mindhacks',
	 'title': u'\u6570\u5b66\u4e4b\u7f8e\u756a\u5916\u7bc7\uff1a\u5e73\u51e1\u800c\u53c8\u795e\u5947\u7684\u8d1d\u53f6\u65af\u65b9\u6cd5',
	 'url': u'http://mindhacks.cn/2008/09/21/the-magical-bayesian-method/'}
2013-03-08 17:46:22+0800 [mindhacks] DEBUG: Crawled (200) <GET http://mindhacks.cn/2008/10/29/methodology-for-programmers/> (referer: http://mindhacks.cn/page/3/)
2013-03-08 17:46:22+0800 [mindhacks] DEBUG: Scraped from <200 http://mindhacks.cn/2008/10/29/methodology-for-programmers/>
	{'created': u'2008-10-29T21:09:00+00:00',
	 'site': 'mindhacks',
	 'title': u'\u65b9\u6cd5\u8bba\u3001\u65b9\u6cd5\u8bba\u2014\u2014\u7a0b\u5e8f\u5458\u7684\u963f\u5580\u7409\u65af\u4e4b\u8e35',
	 'url': u'http://mindhacks.cn/2008/10/29/methodology-for-programmers/'}
2013-03-08 17:46:23+0800 [mindhacks] DEBUG: Crawled (200) <GET http://mindhacks.cn/2008/12/05/learning-habits-part4/> (referer: http://mindhacks.cn/page/3/)
2013-03-08 17:46:23+0800 [mindhacks] DEBUG: Scraped from <200 http://mindhacks.cn/2008/12/05/learning-habits-part4/>
	{'created': u'2008-12-05T21:21:00+00:00',
	 'site': 'mindhacks',
	 'title': u'\u4e00\u76f4\u4ee5\u6765\u4f34\u968f\u6211\u7684\u4e00\u4e9b\u5b66\u4e60\u4e60\u60ef(\u56db)\uff1a\u77e5\u8bc6\u7ed3\u6784',
	 'url': u'http://mindhacks.cn/2008/12/05/learning-habits-part4/'}
2013-03-08 17:46:23+0800 [mindhacks] DEBUG: Crawled (200) <GET http://mindhacks.cn/2008/12/18/how-to-think-straight/> (referer: http://mindhacks.cn/page/3/)
2013-03-08 17:46:23+0800 [mindhacks] DEBUG: Scraped from <200 http://mindhacks.cn/2008/12/18/how-to-think-straight/>
	{'created': u'2008-12-18T20:10:00+00:00',
	 'site': 'mindhacks',
	 'title': u'\u5982\u4f55\u6e05\u6670\u5730\u601d\u8003\uff08\u8fd1\u4e00\u5e74\u6765\u4e1a\u4f59\u9605\u8bfb\u7684\u5173\u4e8e\u601d\u7ef4\u65b9\u9762\u7684\u77e5\u8bc6\u7ed3\u6784\u6574\u7406\uff09',
	 'url': u'http://mindhacks.cn/2008/12/18/how-to-think-straight/'}
2013-03-08 17:46:23+0800 [mindhacks] DEBUG: Crawled (200) <GET http://mindhacks.cn/2009/01/14/make-yourself-irreplacable/> (referer: http://mindhacks.cn/page/3/)
2013-03-08 17:46:23+0800 [mindhacks] DEBUG: Scraped from <200 http://mindhacks.cn/2009/01/14/make-yourself-irreplacable/>
	{'created': u'2009-01-14T21:28:00+00:00',
	 'site': 'mindhacks',
	 'title': u'\u4ec0\u4e48\u624d\u662f\u4f60\u7684\u4e0d\u53ef\u66ff\u4ee3\u6027\u548c\u6838\u5fc3\u7ade\u4e89\u529b',
	 'url': u'http://mindhacks.cn/2009/01/14/make-yourself-irreplacable/'}
2013-03-08 17:46:24+0800 [mindhacks] DEBUG: Crawled (200) <GET http://mindhacks.cn/2006/10/15/cantor-godel-turing-an-eternal-golden-diagonal/> (referer: http://mindhacks.cn/page/4/)
2013-03-08 17:46:24+0800 [mindhacks] DEBUG: Scraped from <200 http://mindhacks.cn/2006/10/15/cantor-godel-turing-an-eternal-golden-diagonal/>
	{'created': u'2006-10-15T19:16:00+00:00',
	 'site': 'mindhacks',
	 'title': u'\u5eb7\u6258\u5c14\u3001\u54e5\u5fb7\u5c14\u3001\u56fe\u7075\u2014\u2014\u6c38\u6052\u7684\u91d1\u8272\u5bf9\u89d2\u7ebf(rev#2)',
	 'url': u'http://mindhacks.cn/2006/10/15/cantor-godel-turing-an-eternal-golden-diagonal/'}
2013-03-08 17:46:24+0800 [mindhacks] DEBUG: Crawled (200) <GET http://mindhacks.cn/2007/05/24/learn-to-focus/> (referer: http://mindhacks.cn/page/4/)
2013-03-08 17:46:24+0800 [mindhacks] DEBUG: Scraped from <200 http://mindhacks.cn/2007/05/24/learn-to-focus/>
	{'created': u'2007-05-24T20:30:00+00:00',
	 'site': 'mindhacks',
	 'title': u'\u5b66\u4e60\u5bc6\u5ea6\u4e0e\u4e13\u6ce8\u529b',
	 'url': u'http://mindhacks.cn/2007/05/24/learn-to-focus/'}
2013-03-08 17:46:24+0800 [mindhacks] DEBUG: Crawled (200) <GET http://mindhacks.cn/2007/12/02/probability-theory-in-evolution/> (referer: http://mindhacks.cn/page/4/)
2013-03-08 17:46:24+0800 [mindhacks] DEBUG: Scraped from <200 http://mindhacks.cn/2007/12/02/probability-theory-in-evolution/>
	{'created': u'2007-12-02T18:55:00+00:00',
	 'site': 'mindhacks',
	 'title': u'\u6570\u5b66\u4e4b\u7f8e\u756a\u5916\u7bc7\uff1a\u8fdb\u5316\u8bba\u4e2d\u7684\u6982\u7387\u8bba',
	 'url': u'http://mindhacks.cn/2007/12/02/probability-theory-in-evolution/'}
2013-03-08 17:46:24+0800 [mindhacks] DEBUG: Crawled (200) <GET http://mindhacks.cn/2008/03/03/failing-to-see-the-big-picture/> (referer: http://mindhacks.cn/page/4/)
2013-03-08 17:46:25+0800 [mindhacks] DEBUG: Scraped from <200 http://mindhacks.cn/2008/03/03/failing-to-see-the-big-picture/>
	{'created': u'2008-03-03T15:42:00+00:00',
	 'site': 'mindhacks',
	 'title': u'Failing To See the Big Picture \u2013 Mistakes we make when learning programming',
	 'url': u'http://mindhacks.cn/2008/03/03/failing-to-see-the-big-picture/'}
2013-03-08 17:46:25+0800 [mindhacks] DEBUG: Crawled (200) <GET http://mindhacks.cn/2008/04/08/reading-method/> (referer: http://mindhacks.cn/page/4/)
2013-03-08 17:46:25+0800 [mindhacks] DEBUG: Scraped from <200 http://mindhacks.cn/2008/04/08/reading-method/>
	{'created': u'2008-04-08T21:00:00+00:00',
	 'site': 'mindhacks',
	 'title': u'\u9605\u8bfb\u4e0e\u601d\u8003',
	 'url': u'http://mindhacks.cn/2008/04/08/reading-method/'}
2013-03-08 17:46:25+0800 [mindhacks] DEBUG: Crawled (200) <GET http://mindhacks.cn/2008/04/18/learning-from-polya/> (referer: http://mindhacks.cn/page/4/)
2013-03-08 17:46:25+0800 [mindhacks] DEBUG: Scraped from <200 http://mindhacks.cn/2008/04/18/learning-from-polya/>
	{'created': u'2008-04-18T21:37:00+00:00',
	 'site': 'mindhacks',
	 'title': u'\u8ddf\u6ce2\u5229\u4e9a\u5b66\u89e3\u9898(rev#3)',
	 'url': u'http://mindhacks.cn/2008/04/18/learning-from-polya/'}
2013-03-08 17:46:25+0800 [mindhacks] DEBUG: Crawled (200) <GET http://mindhacks.cn/2008/06/05/how-memory-works/> (referer: http://mindhacks.cn/page/4/)
2013-03-08 17:46:25+0800 [mindhacks] DEBUG: Scraped from <200 http://mindhacks.cn/2008/06/05/how-memory-works/>
	{'created': u'2008-06-05T21:40:00+00:00',
	 'site': 'mindhacks',
	 'title': u'\u5b66\u4e60\u4e0e\u8bb0\u5fc6',
	 'url': u'http://mindhacks.cn/2008/06/05/how-memory-works/'}
2013-03-08 17:46:26+0800 [mindhacks] DEBUG: Crawled (200) <GET http://mindhacks.cn/2008/06/13/why-is-quicksort-so-quick/> (referer: http://mindhacks.cn/page/4/)
2013-03-08 17:46:26+0800 [mindhacks] DEBUG: Scraped from <200 http://mindhacks.cn/2008/06/13/why-is-quicksort-so-quick/>
	{'created': u'2008-06-13T19:53:00+00:00',
	 'site': 'mindhacks',
	 'title': u'\u6570\u5b66\u4e4b\u7f8e\u756a\u5916\u7bc7\uff1a\u5feb\u6392\u4e3a\u4ec0\u4e48\u90a3\u6837\u5feb',
	 'url': u'http://mindhacks.cn/2008/06/13/why-is-quicksort-so-quick/'}
2013-03-08 17:46:26+0800 [mindhacks] INFO: Closing spider (finished)
2013-03-08 17:46:26+0800 [mindhacks] INFO: Stored jsonlines feed (53 items) in: /root/newsspider/.scrapy/scrapyd/items/default/mindhacks/ff9b53c687d411e2adba7e97b6ad9650.jl
2013-03-08 17:46:26+0800 [mindhacks] INFO: Dumping Scrapy stats:
	{'downloader/request_bytes': 17825,
	 'downloader/request_count': 58,
	 'downloader/request_method_count/GET': 58,
	 'downloader/response_bytes': 1501575,
	 'downloader/response_count': 58,
	 'downloader/response_status_count/200': 57,
	 'downloader/response_status_count/301': 1,
	 'finish_reason': 'finished',
	 'finish_time': datetime.datetime(2013, 3, 8, 9, 46, 26, 149294),
	 'item_scraped_count': 53,
	 'log_count/DEBUG': 117,
	 'log_count/INFO': 5,
	 'request_depth_max': 4,
	 'response_received_count': 57,
	 'scheduler/dequeued': 58,
	 'scheduler/dequeued/memory': 58,
	 'scheduler/enqueued': 58,
	 'scheduler/enqueued/memory': 58,
	 'start_time': datetime.datetime(2013, 3, 8, 9, 46, 8, 299627)}
2013-03-08 17:46:26+0800 [mindhacks] INFO: Spider closed (finished)
